<?xml version="1.0" encoding="UTF-8"?>
<!-- Generated by org.testng.reporters.JUnitReportReporter -->
<testsuite name="com.web.tests.webtestcases.ifusion.MySpaceTest" tests="6" time="146.400" ignored="0" failures="0" timestamp="28 Aug 2018 07:26:30 GMT" skipped="0" hostname="IM-RT-LP-141" errors="0">
  <testcase name="navigateMyProfile" time="25.527" classname="com.web.tests.webtestcases.ifusion.MySpaceTest"/>
  <testcase name="navigateMyProfile" time="31.777" classname="com.web.tests.webtestcases.ifusion.MySpaceTest"/>
  <testcase name="loginApplication" time="21.957" classname="com.web.tests.webtestcases.ifusion.MySpaceTest"/>
  <testcase name="logOutApplication" time="9.583" classname="com.web.tests.webtestcases.ifusion.MySpaceTest"/>
  <testcase name="loginApplication" time="41.683" classname="com.web.tests.webtestcases.ifusion.MySpaceTest"/>
  <testcase name="logOutApplication" time="15.873" classname="com.web.tests.webtestcases.ifusion.MySpaceTest"/>
</testsuite> <!-- com.web.tests.webtestcases.ifusion.MySpaceTest -->
