<?xml version="1.0" encoding="UTF-8"?>
<!-- Generated by org.testng.reporters.JUnitReportReporter -->
<testsuite name="com.web.tests.wmtestcases.unfi.ItemSearchTest" tests="2" time="0.000" ignored="0" failures="0" timestamp="27 Sep 2018 05:13:42 GMT" skipped="0" hostname="IM-LP-340" errors="2">
  <testcase name="TestGoogle" time="0.000" classname="com.web.tests.wmtestcases.unfi.ItemSearchTest">
    <error type="org.testng.TestNGException" message="
Data Provider public java.lang.Object[][] com.web.tests.wmtestcases.unfi.ItemSearchTest.LoginDP() must return either Object[][] or Iterator&lt;Object&gt;[], not class [[Ljava.lang.Object;">
      <![CDATA[org.testng.TestNGException: 
Data Provider public java.lang.Object[][] com.web.tests.wmtestcases.unfi.ItemSearchTest.LoginDP() must return either Object[][] or Iterator<Object>[], not class [[Ljava.lang.Object;
	at org.testng.internal.MethodInvocationHelper.invokeDataProvider(MethodInvocationHelper.java:133)
	at org.testng.internal.Parameters.handleParameters(Parameters.java:509)
	at org.testng.internal.Invoker.handleParameters(Invoker.java:1293)
	at org.testng.internal.Invoker.createParameters(Invoker.java:1020)
	at org.testng.internal.Invoker.invokeTestMethods(Invoker.java:1110)
	at org.testng.internal.TestMethodWorker.invokeTestMethods(TestMethodWorker.java:129)
	at org.testng.internal.TestMethodWorker.run(TestMethodWorker.java:112)
	at org.testng.TestRunner.privateRun(TestRunner.java:756)
	at org.testng.TestRunner.run(TestRunner.java:610)
	at org.testng.SuiteRunner.runTest(SuiteRunner.java:387)
	at org.testng.SuiteRunner.runSequentially(SuiteRunner.java:382)
	at org.testng.SuiteRunner.privateRun(SuiteRunner.java:340)
	at org.testng.SuiteRunner.run(SuiteRunner.java:289)
	at org.testng.SuiteRunnerWorker.runSuite(SuiteRunnerWorker.java:52)
	at org.testng.SuiteRunnerWorker.run(SuiteRunnerWorker.java:86)
	at org.testng.TestNG.runSuitesSequentially(TestNG.java:1293)
	at org.testng.TestNG.runSuitesLocally(TestNG.java:1218)
	at org.testng.TestNG.runSuites(TestNG.java:1133)
	at org.testng.TestNG.run(TestNG.java:1104)
	at org.testng.remote.AbstractRemoteTestNG.run(AbstractRemoteTestNG.java:114)
	at org.testng.remote.RemoteTestNG.initAndRun(RemoteTestNG.java:251)
	at org.testng.remote.RemoteTestNG.main(RemoteTestNG.java:77)
]]>
    </error>
  </testcase> <!-- TestGoogle -->
  <testcase name="init" time="0.000" classname="com.web.tests.wmtestcases.unfi.ItemSearchTest">
    <error type="org.testng.TestNGException" message="
Parameter &#039;browser&#039; is required by BeforeClass on method init but has not been marked @Optional or defined
in C:\Users\sbagadi\AppData\Local\Temp\testng-eclipse-1441402783\testng-customsuite.xml">
      <![CDATA[org.testng.TestNGException: 
Parameter 'browser' is required by BeforeClass on method init but has not been marked @Optional or defined
in C:\Users\sbagadi\AppData\Local\Temp\testng-eclipse-1441402783\testng-customsuite.xml
	at org.testng.internal.Parameters.createParameters(Parameters.java:199)
	at org.testng.internal.Parameters.createParameters(Parameters.java:443)
	at org.testng.internal.Parameters.createConfigurationParameters(Parameters.java:118)
	at org.testng.internal.Invoker.invokeConfigurations(Invoker.java:203)
	at org.testng.internal.Invoker.invokeConfigurations(Invoker.java:144)
	at org.testng.internal.TestMethodWorker.invokeBeforeClassMethods(TestMethodWorker.java:169)
	at org.testng.internal.TestMethodWorker.run(TestMethodWorker.java:108)
	at org.testng.TestRunner.privateRun(TestRunner.java:756)
	at org.testng.TestRunner.run(TestRunner.java:610)
	at org.testng.SuiteRunner.runTest(SuiteRunner.java:387)
	at org.testng.SuiteRunner.runSequentially(SuiteRunner.java:382)
	at org.testng.SuiteRunner.privateRun(SuiteRunner.java:340)
	at org.testng.SuiteRunner.run(SuiteRunner.java:289)
	at org.testng.SuiteRunnerWorker.runSuite(SuiteRunnerWorker.java:52)
	at org.testng.SuiteRunnerWorker.run(SuiteRunnerWorker.java:86)
	at org.testng.TestNG.runSuitesSequentially(TestNG.java:1293)
	at org.testng.TestNG.runSuitesLocally(TestNG.java:1218)
	at org.testng.TestNG.runSuites(TestNG.java:1133)
	at org.testng.TestNG.run(TestNG.java:1104)
	at org.testng.remote.AbstractRemoteTestNG.run(AbstractRemoteTestNG.java:114)
	at org.testng.remote.RemoteTestNG.initAndRun(RemoteTestNG.java:251)
	at org.testng.remote.RemoteTestNG.main(RemoteTestNG.java:77)
]]>
    </error>
  </testcase> <!-- init -->
</testsuite> <!-- com.web.tests.wmtestcases.unfi.ItemSearchTest -->
