<?xml version="1.0" encoding="UTF-8"?>
<!-- Generated by org.testng.reporters.JUnitReportReporter -->
<testsuite name="com.web.tests.unfi.LogsDemo" tests="2" time="0.015" ignored="0" failures="0" timestamp="28 Sep 2018 11:13:25 GMT" skipped="0" hostname="IM-LP-340" errors="0">
  <testcase name="SearchItemInLog" time="0.008" classname="com.web.tests.unfi.LogsDemo"/>
  <testcase name="TestGoogle" time="0.007" classname="com.web.tests.unfi.LogsDemo"/>
</testsuite> <!-- com.web.tests.unfi.LogsDemo -->
